  [1m[35m (1.0ms)[0m  [1m[34mSELECT sqlite_version(*)[0m
  [1m[35m (1.3ms)[0m  [1m[35mCREATE TABLE "schema_migrations" ("version" varchar NOT NULL PRIMARY KEY)[0m
  [1m[35m (1.1ms)[0m  [1m[35mCREATE TABLE "ar_internal_metadata" ("key" varchar NOT NULL PRIMARY KEY, "value" varchar, "created_at" datetime(6) NOT NULL, "updated_at" datetime(6) NOT NULL)[0m
  [1m[35m (0.2ms)[0m  [1m[34mSELECT "schema_migrations"."version" FROM "schema_migrations" ORDER BY "schema_migrations"."version" ASC[0m
Migrating to CreateProductions (20221212193024)
  [1m[36mTRANSACTION (0.0ms)[0m  [1m[36mbegin transaction[0m
  [1m[35m (0.4ms)[0m  [1m[35mCREATE TABLE "productions" ("id" integer PRIMARY KEY AUTOINCREMENT NOT NULL, "title" varchar, "genre" varchar, "description" text, "budget" float, "image" varchar, "director" varchar, "ongoing" boolean, "created_at" datetime(6) NOT NULL, "updated_at" datetime(6) NOT NULL)[0m
  [1m[36mActiveRecord::SchemaMigration Create (0.1ms)[0m  [1m[32mINSERT INTO "schema_migrations" ("version") VALUES (?)[0m  [["version", "20221212193024"]]
  [1m[36mTRANSACTION (0.6ms)[0m  [1m[36mcommit transaction[0m
  [1m[36mActiveRecord::InternalMetadata Load (0.1ms)[0m  [1m[34mSELECT "ar_internal_metadata".* FROM "ar_internal_metadata" WHERE "ar_internal_metadata"."key" = ? LIMIT ?[0m  [["key", "environment"], ["LIMIT", 1]]
  [1m[36mTRANSACTION (0.2ms)[0m  [1m[36mbegin transaction[0m
  [1m[36mActiveRecord::InternalMetadata Create (0.4ms)[0m  [1m[32mINSERT INTO "ar_internal_metadata" ("key", "value", "created_at", "updated_at") VALUES (?, ?, ?, ?)[0m  [["key", "environment"], ["value", "development"], ["created_at", "2022-12-12 19:40:09.365306"], ["updated_at", "2022-12-12 19:40:09.365306"]]
  [1m[36mTRANSACTION (0.7ms)[0m  [1m[36mcommit transaction[0m
  [1m[35m (0.0ms)[0m  [1m[34mSELECT sqlite_version(*)[0m
  [1m[35m (0.1ms)[0m  [1m[34mSELECT "schema_migrations"."version" FROM "schema_migrations" ORDER BY "schema_migrations"."version" ASC[0m
Started GET "/" for ::1 at 2022-12-12 11:41:12 -0800
  [1m[35m (1.0ms)[0m  [1m[34mSELECT sqlite_version(*)[0m
  [1m[35m (0.2ms)[0m  [1m[34mSELECT "schema_migrations"."version" FROM "schema_migrations" ORDER BY "schema_migrations"."version" ASC[0m
Processing by Rails::WelcomeController#index as HTML
  Rendering /Users/x/.rvm/gems/ruby-3.1.0/gems/railties-6.1.7/lib/rails/templates/rails/welcome/index.html.erb
  Rendered /Users/x/.rvm/gems/ruby-3.1.0/gems/railties-6.1.7/lib/rails/templates/rails/welcome/index.html.erb (Duration: 6.9ms | Allocations: 453)
Completed 200 OK in 12ms (Views: 9.9ms | ActiveRecord: 0.0ms | Allocations: 2453)


Started GET "/welcome" for ::1 at 2022-12-12 11:41:24 -0800
Processing by ApplicationController#welcome as HTML
Completed 204 No Content in 238237ms (ActiveRecord: 0.0ms | Allocations: 69168)


Started GET "/welcome" for ::1 at 2022-12-12 11:45:28 -0800
Processing by ApplicationController#welcome as HTML
Completed 200 OK in 1ms (Views: 0.2ms | Allocations: 258)


  [1m[35m (1.1ms)[0m  [1m[34mSELECT sqlite_version(*)[0m
  [1m[35m (0.1ms)[0m  [1m[34mSELECT "schema_migrations"."version" FROM "schema_migrations" ORDER BY "schema_migrations"."version" ASC[0m
  [1m[35m (0.1ms)[0m  [1m[34mSELECT sqlite_version(*)[0m
  [1m[36mTRANSACTION (0.0ms)[0m  [1m[36mbegin transaction[0m
  [1m[36mProduction Create (0.5ms)[0m  [1m[32mINSERT INTO "productions" ("title", "genre", "description", "budget", "image", "director", "ongoing", "created_at", "updated_at") VALUES (?, ?, ?, ?, ?, ?, ?, ?, ?)[0m  [["title", "Hamlet"], ["genre", "Drama"], ["description", "The Tragedy of Hamlet, Prince of Denmark aka The Lion King"], ["budget", 100000.0], ["image", "https://upload.wikimedia.org/wikipedia/commons/6/6a/Edwin_Booth_Hamlet_1870.jpg"], ["director", "Bill Shakespheare"], ["ongoing", 1], ["created_at", "2022-12-12 20:01:04.005424"], ["updated_at", "2022-12-12 20:01:04.005424"]]
  [1m[36mTRANSACTION (1.0ms)[0m  [1m[36mcommit transaction[0m
  [1m[35m (1.0ms)[0m  [1m[34mSELECT sqlite_version(*)[0m
  [1m[36mProduction Load (0.1ms)[0m  [1m[34mSELECT "productions".* FROM "productions"[0m
  [1m[35m (1.3ms)[0m  [1m[34mSELECT sqlite_version(*)[0m
  [1m[35m (0.1ms)[0m  [1m[34mSELECT "schema_migrations"."version" FROM "schema_migrations" ORDER BY "schema_migrations"."version" ASC[0m
  [1m[35m (0.2ms)[0m  [1m[34mSELECT "ar_internal_metadata"."value" FROM "ar_internal_metadata" WHERE "ar_internal_metadata"."key" = ?[0m  [["key", "environment"]]
  [1m[35m (0.1ms)[0m  [1m[34mSELECT "schema_migrations"."version" FROM "schema_migrations" ORDER BY "schema_migrations"."version" ASC[0m
  [1m[35m (0.1ms)[0m  [1m[34mSELECT "ar_internal_metadata"."value" FROM "ar_internal_metadata" WHERE "ar_internal_metadata"."key" = ?[0m  [["key", "environment"]]
  [1m[35m (0.1ms)[0m  [1m[34mSELECT "schema_migrations"."version" FROM "schema_migrations" ORDER BY "schema_migrations"."version" ASC[0m
  [1m[35m (0.1ms)[0m  [1m[34mSELECT "ar_internal_metadata"."value" FROM "ar_internal_metadata" WHERE "ar_internal_metadata"."key" = ?[0m  [["key", "environment"]]
  [1m[35m (0.0ms)[0m  [1m[34mSELECT sqlite_version(*)[0m
  [1m[35m (0.0ms)[0m  [1m[35mPRAGMA foreign_keys[0m
  [1m[35m (0.0ms)[0m  [1m[35mPRAGMA defer_foreign_keys[0m
  [1m[35m (0.0ms)[0m  [1m[35mPRAGMA defer_foreign_keys = ON[0m
  [1m[35m (0.0ms)[0m  [1m[35mPRAGMA foreign_keys = OFF[0m
  [1m[36mTruncate Tables (1.1ms)[0m  [1m[31mDELETE FROM "productions"[0m
  [1m[35m (0.0ms)[0m  [1m[35mPRAGMA defer_foreign_keys = 0[0m
  [1m[35m (0.0ms)[0m  [1m[35mPRAGMA foreign_keys = 1[0m
  [1m[35m (0.0ms)[0m  [1m[34mSELECT sqlite_version(*)[0m
  [1m[35m (0.1ms)[0m  [1m[34mSELECT "schema_migrations"."version" FROM "schema_migrations" ORDER BY "schema_migrations"."version" ASC[0m
  [1m[35m (0.1ms)[0m  [1m[34mSELECT sqlite_version(*)[0m
  [1m[36mTRANSACTION (0.1ms)[0m  [1m[36mbegin transaction[0m
  [1m[36mProduction Create (0.4ms)[0m  [1m[32mINSERT INTO "productions" ("title", "genre", "description", "budget", "image", "director", "ongoing", "created_at", "updated_at") VALUES (?, ?, ?, ?, ?, ?, ?, ?, ?)[0m  [["title", "Hamlet"], ["genre", "Drama"], ["description", "The Tragedy of Hamlet, Prince of Denmark"], ["budget", 100000.0], ["image", "https://upload.wikimedia.org/wikipedia/commons/6/6a/Edwin_Booth_Hamlet_1870.jpg"], ["director", "Bill Shakespeare"], ["ongoing", 1], ["created_at", "2022-12-12 20:03:34.596060"], ["updated_at", "2022-12-12 20:03:34.596060"]]
  [1m[36mTRANSACTION (0.6ms)[0m  [1m[36mcommit transaction[0m
  [1m[36mTRANSACTION (0.0ms)[0m  [1m[36mbegin transaction[0m
  [1m[36mProduction Create (0.3ms)[0m  [1m[32mINSERT INTO "productions" ("title", "genre", "description", "budget", "image", "director", "ongoing", "created_at", "updated_at") VALUES (?, ?, ?, ?, ?, ?, ?, ?, ?)[0m  [["title", "Cats"], ["genre", "Musical"], ["description", " Jellicles cats sing and dance"], ["budget", 200000.0], ["image", "https://upload.wikimedia.org/wikipedia/en/3/3e/CatsMusicalLogo.jpg"], ["director", "Andrew Lloyd Webber"], ["ongoing", 1], ["created_at", "2022-12-12 20:03:34.600158"], ["updated_at", "2022-12-12 20:03:34.600158"]]
  [1m[36mTRANSACTION (0.5ms)[0m  [1m[36mcommit transaction[0m
  [1m[36mTRANSACTION (0.0ms)[0m  [1m[36mbegin transaction[0m
  [1m[36mProduction Create (0.3ms)[0m  [1m[32mINSERT INTO "productions" ("title", "genre", "description", "budget", "image", "director", "ongoing", "created_at", "updated_at") VALUES (?, ?, ?, ?, ?, ?, ?, ?, ?)[0m  [["title", "Carmen"], ["genre", "Opera"], ["description", "Set in southern Spain this is the story of the downfall of Don José, a naïve soldier who is seduced by the wiles of the fiery and beautiful Carmen."], ["budget", 200000.0], ["image", "https://upload.wikimedia.org/wikipedia/commons/thumb/d/d4/Prudent-Louis_Leray_-_Poster_for_the_premi%C3%A8re_of_Georges_Bizet%27s_Carmen.jpg/300px-Prudent-Louis_Leray_-_Poster_for_the_premi%C3%A8re_of_Georges_Bizet%27s_Carmen.jpg"], ["director", "Georges Bizet"], ["ongoing", 0], ["created_at", "2022-12-12 20:03:34.603387"], ["updated_at", "2022-12-12 20:03:34.603387"]]
  [1m[36mTRANSACTION (0.5ms)[0m  [1m[36mcommit transaction[0m
  [1m[36mTRANSACTION (0.0ms)[0m  [1m[36mbegin transaction[0m
  [1m[36mProduction Create (0.3ms)[0m  [1m[32mINSERT INTO "productions" ("title", "genre", "description", "budget", "image", "director", "ongoing", "created_at", "updated_at") VALUES (?, ?, ?, ?, ?, ?, ?, ?, ?)[0m  [["title", "Hamilton"], ["genre", "Musical"], ["description", "An American Musical is a sung-and-rapped-through musical by Lin-Manuel Miranda. It tells the story of American Founding Father Alexander Hamilton."], ["budget", 400000.0], ["image", "https://upload.wikimedia.org/wikipedia/en/thumb/8/83/Hamilton-poster.jpg/220px-Hamilton-poster.jpg"], ["director", "Lin-Manuel Miranda"], ["ongoing", 0], ["created_at", "2022-12-12 20:03:34.606515"], ["updated_at", "2022-12-12 20:03:34.606515"]]
  [1m[36mTRANSACTION (0.7ms)[0m  [1m[36mcommit transaction[0m
  [1m[35m (1.2ms)[0m  [1m[34mSELECT sqlite_version(*)[0m
  [1m[36mProduction Load (0.1ms)[0m  [1m[34mSELECT "productions".* FROM "productions"[0m
Started GET "/productions" for ::1 at 2022-12-12 12:05:06 -0800
  
ActionController::RoutingError (No route matches [GET] "/productions"):
  
Started GET "/productions" for ::1 at 2022-12-12 12:05:08 -0800
  
ActionController::RoutingError (No route matches [GET] "/productions"):
  
Started GET "/productions" for ::1 at 2022-12-12 12:06:34 -0800
  
AbstractController::ActionNotFound (The action 'index' could not be found for ProductionsController
Did you mean?  welcome):
  
actionpack (6.1.7) lib/abstract_controller/base.rb:160:in `process'
actionpack (6.1.7) lib/action_controller/metal.rb:190:in `dispatch'
actionpack (6.1.7) lib/action_controller/metal.rb:254:in `dispatch'
actionpack (6.1.7) lib/action_dispatch/routing/route_set.rb:50:in `dispatch'
actionpack (6.1.7) lib/action_dispatch/routing/route_set.rb:33:in `serve'
actionpack (6.1.7) lib/action_dispatch/journey/router.rb:50:in `block in serve'
actionpack (6.1.7) lib/action_dispatch/journey/router.rb:32:in `each'
actionpack (6.1.7) lib/action_dispatch/journey/router.rb:32:in `serve'
actionpack (6.1.7) lib/action_dispatch/routing/route_set.rb:842:in `call'
rack (2.2.4) lib/rack/etag.rb:27:in `call'
rack (2.2.4) lib/rack/conditional_get.rb:27:in `call'
rack (2.2.4) lib/rack/head.rb:12:in `call'
activerecord (6.1.7) lib/active_record/migration.rb:601:in `call'
actionpack (6.1.7) lib/action_dispatch/middleware/callbacks.rb:27:in `block in call'
activesupport (6.1.7) lib/active_support/callbacks.rb:98:in `run_callbacks'
actionpack (6.1.7) lib/action_dispatch/middleware/callbacks.rb:26:in `call'
actionpack (6.1.7) lib/action_dispatch/middleware/executor.rb:14:in `call'
actionpack (6.1.7) lib/action_dispatch/middleware/actionable_exceptions.rb:18:in `call'
actionpack (6.1.7) lib/action_dispatch/middleware/debug_exceptions.rb:29:in `call'
actionpack (6.1.7) lib/action_dispatch/middleware/show_exceptions.rb:33:in `call'
railties (6.1.7) lib/rails/rack/logger.rb:37:in `call_app'
railties (6.1.7) lib/rails/rack/logger.rb:26:in `block in call'
activesupport (6.1.7) lib/active_support/tagged_logging.rb:99:in `block in tagged'
activesupport (6.1.7) lib/active_support/tagged_logging.rb:37:in `tagged'
activesupport (6.1.7) lib/active_support/tagged_logging.rb:99:in `tagged'
railties (6.1.7) lib/rails/rack/logger.rb:26:in `call'
actionpack (6.1.7) lib/action_dispatch/middleware/remote_ip.rb:81:in `call'
actionpack (6.1.7) lib/action_dispatch/middleware/request_id.rb:26:in `call'
rack (2.2.4) lib/rack/runtime.rb:22:in `call'
activesupport (6.1.7) lib/active_support/cache/strategy/local_cache_middleware.rb:29:in `call'
actionpack (6.1.7) lib/action_dispatch/middleware/executor.rb:14:in `call'
actionpack (6.1.7) lib/action_dispatch/middleware/static.rb:24:in `call'
rack (2.2.4) lib/rack/sendfile.rb:110:in `call'
actionpack (6.1.7) lib/action_dispatch/middleware/host_authorization.rb:148:in `call'
railties (6.1.7) lib/rails/engine.rb:539:in `call'
puma (5.6.5) lib/puma/configuration.rb:252:in `call'
puma (5.6.5) lib/puma/request.rb:77:in `block in handle_request'
puma (5.6.5) lib/puma/thread_pool.rb:340:in `with_force_shutdown'
puma (5.6.5) lib/puma/request.rb:76:in `handle_request'
puma (5.6.5) lib/puma/server.rb:443:in `process_client'
puma (5.6.5) lib/puma/thread_pool.rb:147:in `block in spawn_thread'
Started GET "/productions" for ::1 at 2022-12-12 12:07:23 -0800
Processing by ProductionsController#index as HTML
  [1m[35m (0.1ms)[0m  [1m[34mSELECT sqlite_version(*)[0m
  ↳ app/controllers/productions_controller.rb:3:in `index'
  [1m[36mProduction Load (0.1ms)[0m  [1m[34mSELECT "productions".* FROM "productions"[0m
  ↳ app/controllers/productions_controller.rb:3:in `index'
Completed 200 OK in 13ms (Views: 11.5ms | ActiveRecord: 0.9ms | Allocations: 8773)


Started GET "/productions" for ::1 at 2022-12-12 12:08:35 -0800
Processing by ProductionsController#index as HTML
  [1m[35m (0.1ms)[0m  [1m[34mSELECT sqlite_version(*)[0m
  ↳ app/controllers/productions_controller.rb:3:in `index'
  [1m[36mProduction Load (0.1ms)[0m  [1m[34mSELECT "productions".* FROM "productions"[0m
  ↳ app/controllers/productions_controller.rb:3:in `index'
Completed 200 OK in 13ms (Views: 11.4ms | ActiveRecord: 1.1ms | Allocations: 7577)


Started GET "/productions/2" for ::1 at 2022-12-12 12:10:02 -0800
  
ActionController::RoutingError (No route matches [GET] "/productions/2"):
  
Started GET "/productions/2" for ::1 at 2022-12-12 12:12:22 -0800
  
AbstractController::ActionNotFound (The action 'show' could not be found for ProductionsController
Did you mean?  welcome
               index):
  
actionpack (6.1.7) lib/abstract_controller/base.rb:160:in `process'
actionpack (6.1.7) lib/action_controller/metal.rb:190:in `dispatch'
actionpack (6.1.7) lib/action_controller/metal.rb:254:in `dispatch'
actionpack (6.1.7) lib/action_dispatch/routing/route_set.rb:50:in `dispatch'
actionpack (6.1.7) lib/action_dispatch/routing/route_set.rb:33:in `serve'
actionpack (6.1.7) lib/action_dispatch/journey/router.rb:50:in `block in serve'
actionpack (6.1.7) lib/action_dispatch/journey/router.rb:32:in `each'
actionpack (6.1.7) lib/action_dispatch/journey/router.rb:32:in `serve'
actionpack (6.1.7) lib/action_dispatch/routing/route_set.rb:842:in `call'
rack (2.2.4) lib/rack/etag.rb:27:in `call'
rack (2.2.4) lib/rack/conditional_get.rb:27:in `call'
rack (2.2.4) lib/rack/head.rb:12:in `call'
activerecord (6.1.7) lib/active_record/migration.rb:601:in `call'
actionpack (6.1.7) lib/action_dispatch/middleware/callbacks.rb:27:in `block in call'
activesupport (6.1.7) lib/active_support/callbacks.rb:98:in `run_callbacks'
actionpack (6.1.7) lib/action_dispatch/middleware/callbacks.rb:26:in `call'
actionpack (6.1.7) lib/action_dispatch/middleware/executor.rb:14:in `call'
actionpack (6.1.7) lib/action_dispatch/middleware/actionable_exceptions.rb:18:in `call'
actionpack (6.1.7) lib/action_dispatch/middleware/debug_exceptions.rb:29:in `call'
actionpack (6.1.7) lib/action_dispatch/middleware/show_exceptions.rb:33:in `call'
railties (6.1.7) lib/rails/rack/logger.rb:37:in `call_app'
railties (6.1.7) lib/rails/rack/logger.rb:26:in `block in call'
activesupport (6.1.7) lib/active_support/tagged_logging.rb:99:in `block in tagged'
activesupport (6.1.7) lib/active_support/tagged_logging.rb:37:in `tagged'
activesupport (6.1.7) lib/active_support/tagged_logging.rb:99:in `tagged'
railties (6.1.7) lib/rails/rack/logger.rb:26:in `call'
actionpack (6.1.7) lib/action_dispatch/middleware/remote_ip.rb:81:in `call'
actionpack (6.1.7) lib/action_dispatch/middleware/request_id.rb:26:in `call'
rack (2.2.4) lib/rack/runtime.rb:22:in `call'
activesupport (6.1.7) lib/active_support/cache/strategy/local_cache_middleware.rb:29:in `call'
actionpack (6.1.7) lib/action_dispatch/middleware/executor.rb:14:in `call'
actionpack (6.1.7) lib/action_dispatch/middleware/static.rb:24:in `call'
rack (2.2.4) lib/rack/sendfile.rb:110:in `call'
actionpack (6.1.7) lib/action_dispatch/middleware/host_authorization.rb:148:in `call'
railties (6.1.7) lib/rails/engine.rb:539:in `call'
puma (5.6.5) lib/puma/configuration.rb:252:in `call'
puma (5.6.5) lib/puma/request.rb:77:in `block in handle_request'
puma (5.6.5) lib/puma/thread_pool.rb:340:in `with_force_shutdown'
puma (5.6.5) lib/puma/request.rb:76:in `handle_request'
puma (5.6.5) lib/puma/server.rb:443:in `process_client'
puma (5.6.5) lib/puma/thread_pool.rb:147:in `block in spawn_thread'
Started GET "/productions/2" for ::1 at 2022-12-12 12:13:32 -0800
Processing by ProductionsController#show as HTML
  Parameters: {"id"=>"2"}
Completed 204 No Content in 104470ms (Allocations: 2100)


Started GET "/productions/2" for ::1 at 2022-12-12 12:15:20 -0800
Processing by ProductionsController#show as HTML
  Parameters: {"id"=>"2"}
  [1m[35m (0.1ms)[0m  [1m[34mSELECT sqlite_version(*)[0m
  ↳ app/controllers/productions_controller.rb:7:in `show'
  [1m[36mProduction Load (0.1ms)[0m  [1m[34mSELECT "productions".* FROM "productions" WHERE "productions"."id" = ? LIMIT ?[0m  [["id", 2], ["LIMIT", 1]]
  ↳ app/controllers/productions_controller.rb:7:in `show'
Completed 200 OK in 14ms (Views: 0.5ms | ActiveRecord: 0.9ms | Allocations: 7886)


Started GET "/productions/2" for ::1 at 2022-12-12 12:17:08 -0800
Processing by ProductionsController#show as HTML
  Parameters: {"id"=>"2"}
  [1m[35m (0.1ms)[0m  [1m[34mSELECT sqlite_version(*)[0m
  ↳ app/controllers/productions_controller.rb:7:in `show'
  [1m[36mProduction Load (0.1ms)[0m  [1m[34mSELECT "productions".* FROM "productions" WHERE "productions"."id" = ? LIMIT ?[0m  [["id", 2], ["LIMIT", 1]]
  ↳ app/controllers/productions_controller.rb:7:in `show'
Completed 200 OK in 14ms (Views: 0.4ms | ActiveRecord: 1.1ms | Allocations: 7141)


Started GET "/cat/rose" for ::1 at 2022-12-12 12:24:22 -0800
Processing by ApplicationController#cat_name as HTML
  Parameters: {"name"=>"rose"}
Completed 204 No Content in 53651ms (Allocations: 1980)


Started GET "/productions" for ::1 at 2022-12-12 12:25:15 -0800
Processing by ProductionsController#index as HTML
  [1m[35m (0.1ms)[0m  [1m[34mSELECT sqlite_version(*)[0m
  ↳ app/controllers/productions_controller.rb:3:in `index'
  [1m[36mProduction Load (0.2ms)[0m  [1m[34mSELECT "productions".* FROM "productions"[0m
  ↳ app/controllers/productions_controller.rb:3:in `index'
Completed 200 OK in 11ms (Views: 9.7ms | ActiveRecord: 0.5ms | Allocations: 7063)


Started GET "/productions/3" for ::1 at 2022-12-12 12:25:19 -0800
Processing by ProductionsController#show as HTML
  Parameters: {"id"=>"3"}
  [1m[36mProduction Load (0.2ms)[0m  [1m[34mSELECT "productions".* FROM "productions" WHERE "productions"."id" = ? LIMIT ?[0m  [["id", 3], ["LIMIT", 1]]
  ↳ app/controllers/productions_controller.rb:7:in `show'
Completed 404 Not Found in 2ms (Views: 0.3ms | ActiveRecord: 0.2ms | Allocations: 878)


Started GET "/productions/3" for ::1 at 2022-12-12 12:25:31 -0800
Processing by ProductionsController#show as HTML
  Parameters: {"id"=>"3"}
  [1m[35m (0.1ms)[0m  [1m[34mSELECT sqlite_version(*)[0m
  ↳ app/controllers/productions_controller.rb:8:in `show'
  [1m[36mProduction Load (0.1ms)[0m  [1m[34mSELECT "productions".* FROM "productions" WHERE "productions"."id" = ? LIMIT ?[0m  [["id", 3], ["LIMIT", 1]]
  ↳ app/controllers/productions_controller.rb:8:in `show'
Completed 404 Not Found in 106189ms (Views: 0.4ms | ActiveRecord: 0.8ms | Allocations: 11603)


Started GET "/cat/rose" for ::1 at 2022-12-12 12:27:17 -0800
Processing by ApplicationController#cat_name as HTML
  Parameters: {"name"=>"rose"}
Completed 204 No Content in 0ms (Allocations: 91)


Started GET "/productions/3" for ::1 at 2022-12-12 12:43:47 -0800
Processing by ProductionsController#show as HTML
  Parameters: {"id"=>"3"}
  [1m[35m (0.1ms)[0m  [1m[34mSELECT sqlite_version(*)[0m
  ↳ app/controllers/productions_controller.rb:8:in `show'
  [1m[36mProduction Load (0.2ms)[0m  [1m[34mSELECT "productions".* FROM "productions" /* loading for inspect */ LIMIT ?[0m  [["LIMIT", 11]]
  ↳ app/controllers/productions_controller.rb:8:in `show'
Completed 500 Internal Server Error in 84520ms (ActiveRecord: 0.9ms | Allocations: 36666)


  
SystemExit (exit):
  
(byebug):1:in `exit'
(byebug):1:in `show'
app/controllers/productions_controller.rb:8:in `show'
Started GET "/productions/3" for ::1 at 2022-12-12 12:45:26 -0800
  [1m[35m (1.2ms)[0m  [1m[34mSELECT sqlite_version(*)[0m
  [1m[35m (0.2ms)[0m  [1m[34mSELECT "schema_migrations"."version" FROM "schema_migrations" ORDER BY "schema_migrations"."version" ASC[0m
Processing by ProductionsController#show as HTML
  Parameters: {"id"=>"3"}
Completed 500 Internal Server Error in 92560ms (ActiveRecord: 0.0ms | Allocations: 88404)


  
SystemExit (exit):
  
(byebug):1:in `exit'
(byebug):1:in `show'
app/controllers/productions_controller.rb:8:in `show'
